[2020-08-18 17:49:28] [3377d3dfa77] [ERR] ErrorMsg. db:firstp2p, type:adminslave, error:No database selected, errno:1046, sql:SELECT name, value, site_id FROM firstp2p_conf WHERE site_id>=0
[2020-08-18 17:49:28] [3377d3dfa77] [DEBUG] Trace. file:/Users/super/firstp2p_bk/libs/db/MysqlDb.php, line:219, function:ErrorMsg
[2020-08-18 17:49:28] [3377d3dfa77] [DEBUG] Trace. file:/Users/super/firstp2p_bk/libs/db/MysqlDb.php, line:409, function:query
[2020-08-18 17:49:28] [3377d3dfa77] [DEBUG] Trace. file:/Users/super/firstp2p_bk/libs/common/simple.php, line:68, function:getAll
[2020-08-18 17:49:28] [3377d3dfa77] [DEBUG] Trace. file:/Users/super/firstp2p_bk/app/init.php, line:179, function:use_config_db
[2020-08-18 17:49:28] [3377d3dfa77] [DEBUG] Trace. file:/Users/super/firstp2p_bk/admin/public/m.php, line:23, function:require
[2020-08-18 17:49:28] [3377e54401b] [ERR] ErrorMsg. db:firstp2p, type:adminslave, error:No database selected, errno:1046, sql:SELECT name, value, site_id FROM firstp2p_conf WHERE site_id>=0
[2020-08-18 17:49:28] [3377e54401b] [DEBUG] Trace. file:/Users/super/firstp2p_bk/libs/db/MysqlDb.php, line:219, function:ErrorMsg
[2020-08-18 17:49:28] [3377e54401b] [DEBUG] Trace. file:/Users/super/firstp2p_bk/libs/db/MysqlDb.php, line:409, function:query
[2020-08-18 17:49:28] [3377e54401b] [DEBUG] Trace. file:/Users/super/firstp2p_bk/libs/common/simple.php, line:68, function:getAll
[2020-08-18 17:49:28] [3377e54401b] [DEBUG] Trace. file:/Users/super/firstp2p_bk/app/init.php, line:179, function:use_config_db
[2020-08-18 17:49:28] [3377e54401b] [DEBUG] Trace. file:/Users/super/firstp2p_bk/admin/public/m.php, line:23, function:require
[2020-08-18 17:50:57] [3398f6c068a] [ERR] ErrorMsg. db:firstp2p, type:adminslave, error:No database selected, errno:1046, sql:
[2020-08-18 17:50:57] [3398f6c068a] [DEBUG] Trace. file:/Users/super/firstp2p_bk/libs/db/MysqlDb.php, line:220, function:ErrorMsg
[2020-08-18 17:50:57] [3398f6c068a] [DEBUG] Trace. file:/Users/super/firstp2p_bk/libs/db/MysqlDb.php, line:411, function:query
[2020-08-18 17:50:57] [3398f6c068a] [DEBUG] Trace. file:/Users/super/firstp2p_bk/libs/common/simple.php, line:68, function:getAll
[2020-08-18 17:50:57] [3398f6c068a] [DEBUG] Trace. file:/Users/super/firstp2p_bk/app/init.php, line:179, function:use_config_db
[2020-08-18 17:50:57] [3398f6c068a] [DEBUG] Trace. file:/Users/super/firstp2p_bk/admin/public/m.php, line:23, function:require
[2020-08-18 17:50:57] [3399070568f] [ERR] ErrorMsg. db:firstp2p, type:adminslave, error:No database selected, errno:1046, sql:
[2020-08-18 17:50:57] [3399070568f] [DEBUG] Trace. file:/Users/super/firstp2p_bk/libs/db/MysqlDb.php, line:220, function:ErrorMsg
[2020-08-18 17:50:57] [3399070568f] [DEBUG] Trace. file:/Users/super/firstp2p_bk/libs/db/MysqlDb.php, line:411, function:query
[2020-08-18 17:50:57] [3399070568f] [DEBUG] Trace. file:/Users/super/firstp2p_bk/libs/common/simple.php, line:68, function:getAll
[2020-08-18 17:50:57] [3399070568f] [DEBUG] Trace. file:/Users/super/firstp2p_bk/app/init.php, line:179, function:use_config_db
[2020-08-18 17:50:57] [3399070568f] [DEBUG] Trace. file:/Users/super/firstp2p_bk/admin/public/m.php, line:23, function:require
[2020-08-18 17:52:55] [33c35ec576a] [ERR] ErrorMsg. db:firstp2p, type:adminslave, error:No database selected, errno:1046, sql:
[2020-08-18 17:52:55] [33c35ec576a] [DEBUG] Trace. file:/Users/super/firstp2p_bk/libs/db/MysqlDb.php, line:220, function:ErrorMsg
[2020-08-18 17:52:55] [33c35ec576a] [DEBUG] Trace. file:/Users/super/firstp2p_bk/libs/db/MysqlDb.php, line:411, function:query
[2020-08-18 17:52:55] [33c35ec576a] [DEBUG] Trace. file:/Users/super/firstp2p_bk/libs/common/simple.php, line:68, function:getAll
[2020-08-18 17:52:55] [33c35ec576a] [DEBUG] Trace. file:/Users/super/firstp2p_bk/app/init.php, line:179, function:use_config_db
[2020-08-18 17:52:55] [33c35ec576a] [DEBUG] Trace. file:/Users/super/firstp2p_bk/admin/public/m.php, line:23, function:require
[2020-08-18 17:52:56] [33c514a774e] [ERR] ErrorMsg. db:firstp2p, type:adminslave, error:No database selected, errno:1046, sql:
[2020-08-18 17:52:56] [33c514a774e] [DEBUG] Trace. file:/Users/super/firstp2p_bk/libs/db/MysqlDb.php, line:220, function:ErrorMsg
[2020-08-18 17:52:56] [33c514a774e] [DEBUG] Trace. file:/Users/super/firstp2p_bk/libs/db/MysqlDb.php, line:411, function:query
[2020-08-18 17:52:56] [33c514a774e] [DEBUG] Trace. file:/Users/super/firstp2p_bk/libs/common/simple.php, line:68, function:getAll
[2020-08-18 17:52:56] [33c514a774e] [DEBUG] Trace. file:/Users/super/firstp2p_bk/app/init.php, line:179, function:use_config_db
[2020-08-18 17:52:56] [33c514a774e] [DEBUG] Trace. file:/Users/super/firstp2p_bk/admin/public/m.php, line:23, function:require
[2020-08-18 17:53:46] [33d803ec853] [ERR] ErrorMsg. db:firstp2p, type:adminslave, error:No database selected, errno:1046, sql:
[2020-08-18 17:53:46] [33d803ec853] [DEBUG] Trace. file:/Users/super/firstp2p_bk/libs/db/MysqlDb.php, line:220, function:ErrorMsg
[2020-08-18 17:53:46] [33d803ec853] [DEBUG] Trace. file:/Users/super/firstp2p_bk/libs/db/MysqlDb.php, line:411, function:query
[2020-08-18 17:53:46] [33d803ec853] [DEBUG] Trace. file:/Users/super/firstp2p_bk/libs/common/simple.php, line:68, function:getAll
[2020-08-18 17:53:46] [33d803ec853] [DEBUG] Trace. file:/Users/super/firstp2p_bk/app/init.php, line:179, function:use_config_db
[2020-08-18 17:53:46] [33d803ec853] [DEBUG] Trace. file:/Users/super/firstp2p_bk/admin/public/m.php, line:23, function:require
[2020-08-18 17:53:46] [33d811c3945] [ERR] ErrorMsg. db:firstp2p, type:adminslave, error:No database selected, errno:1046, sql:
[2020-08-18 17:53:46] [33d811c3945] [DEBUG] Trace. file:/Users/super/firstp2p_bk/libs/db/MysqlDb.php, line:220, function:ErrorMsg
[2020-08-18 17:53:46] [33d811c3945] [DEBUG] Trace. file:/Users/super/firstp2p_bk/libs/db/MysqlDb.php, line:411, function:query
[2020-08-18 17:53:46] [33d811c3945] [DEBUG] Trace. file:/Users/super/firstp2p_bk/libs/common/simple.php, line:68, function:getAll
[2020-08-18 17:53:46] [33d811c3945] [DEBUG] Trace. file:/Users/super/firstp2p_bk/app/init.php, line:179, function:use_config_db
[2020-08-18 17:53:46] [33d811c3945] [DEBUG] Trace. file:/Users/super/firstp2p_bk/admin/public/m.php, line:23, function:require
