[2020-08-19 09:40:10] [8bf2d6f978] [ERR] redis sentinel connection may down: Connection refused [tcp://st-redis1.wxlc.org:26479]
[2020-08-19 09:40:14] [8bf2d6f978] [ERR] redis sentinel connection may down: Connection refused [tcp://st-redis2.wxlc.org:26479]
[2020-08-19 09:40:14] [8bf2d6f978] [ERR] redis sentinel connection may down: Connection refused [tcp://st-redis3.wxlc.org:26479]
[2020-08-19 09:40:14] [8c07c71247] [ERR] redis sentinel connection may down: Connection refused [tcp://st-redis3.wxlc.org:26479]
[2020-08-19 09:40:14] [8c07c71247] [ERR] redis sentinel connection may down: Connection refused [tcp://st-redis1.wxlc.org:26479]
[2020-08-19 09:40:14] [8bf2d6f978] [ERR] redis sentinel connection may down: Can't assign requested address [tcp://Array:Array]
[2020-08-19 09:40:14] [8bf2d6f978] [ERR] 127.0.0.1 | redis exception | 49 | Can't assign requested address [tcp://Array:Array]
[2020-08-19 09:40:14] [8c07c71247] [ERR] redis sentinel connection may down: Connection refused [tcp://st-redis2.wxlc.org:26479]
[2020-08-19 09:40:14] [8c07c71247] [ERR] redis sentinel connection may down: Can't assign requested address [tcp://Array:Array]
[2020-08-19 09:40:14] [8c07c71247] [ERR] 127.0.0.1 | redis exception | 49 | Can't assign requested address [tcp://Array:Array]
[2020-08-19 09:40:14] [8bf2d6f978] [ERR] PHPFatalError. {"type":1,"message":"Uncaught Error: Class 'Phalcon\\Config' not found in \/Users\/super\/xianfeng_old\/firstp2p_bk\/Common\/Phalcon\/Bootstrap.php:77\nStack trace:\n#0 \/Users\/super\/xianfeng_old\/firstp2p_bk\/Common\/Phalcon\/Bootstrap.php(486): NCFGroup\\Common\\Phalcon\\Bootstrap->initConf()\n#1 \/Users\/super\/xianfeng_old\/firstp2p_bk\/app\/init.php(186): NCFGroup\\Common\\Phalcon\\Bootstrap->execTaskforTest(Array)\n#2 \/Users\/super\/xianfeng_old\/firstp2p_bk\/admin\/public\/m.php(23): require('\/Users\/super\/xi...')\n#3 {main}\n  thrown","file":"\/Users\/super\/xianfeng_old\/firstp2p_bk\/Common\/Phalcon\/Bootstrap.php","line":77}, request_uri: /favicon.ico
[2020-08-19 09:40:14] [8c07c71247] [ERR] PHPFatalError. {"type":1,"message":"Uncaught Error: Class 'Phalcon\\Config' not found in \/Users\/super\/xianfeng_old\/firstp2p_bk\/Common\/Phalcon\/Bootstrap.php:77\nStack trace:\n#0 \/Users\/super\/xianfeng_old\/firstp2p_bk\/Common\/Phalcon\/Bootstrap.php(486): NCFGroup\\Common\\Phalcon\\Bootstrap->initConf()\n#1 \/Users\/super\/xianfeng_old\/firstp2p_bk\/app\/init.php(186): NCFGroup\\Common\\Phalcon\\Bootstrap->execTaskforTest(Array)\n#2 \/Users\/super\/xianfeng_old\/firstp2p_bk\/admin\/public\/m.php(23): require('\/Users\/super\/xi...')\n#3 {main}\n  thrown","file":"\/Users\/super\/xianfeng_old\/firstp2p_bk\/Common\/Phalcon\/Bootstrap.php","line":77}, request_uri: /admin
[2020-08-19 09:40:14] [8c09e8b328] [ERR] redis sentinel connection may down: Connection refused [tcp://st-redis1.wxlc.org:26479]
[2020-08-19 09:40:15] [8c09e8b328] [ERR] redis sentinel connection may down: Connection refused [tcp://st-redis3.wxlc.org:26479]
[2020-08-19 09:40:16] [8c09e8b328] [ERR] redis sentinel connection may down: Connection refused [tcp://st-redis2.wxlc.org:26479]
[2020-08-19 09:40:16] [8c09e8b328] [ERR] redis sentinel connection may down: Can't assign requested address [tcp://Array:Array]
[2020-08-19 09:40:16] [8c09e8b328] [ERR] 127.0.0.1 | redis exception | 49 | Can't assign requested address [tcp://Array:Array]
[2020-08-19 09:40:16] [8c09e8b328] [ERR] PHPFatalError. {"type":1,"message":"Uncaught Error: Class 'Phalcon\\Config' not found in \/Users\/super\/xianfeng_old\/firstp2p_bk\/Common\/Phalcon\/Bootstrap.php:77\nStack trace:\n#0 \/Users\/super\/xianfeng_old\/firstp2p_bk\/Common\/Phalcon\/Bootstrap.php(486): NCFGroup\\Common\\Phalcon\\Bootstrap->initConf()\n#1 \/Users\/super\/xianfeng_old\/firstp2p_bk\/app\/init.php(186): NCFGroup\\Common\\Phalcon\\Bootstrap->execTaskforTest(Array)\n#2 \/Users\/super\/xianfeng_old\/firstp2p_bk\/admin\/public\/m.php(23): require('\/Users\/super\/xi...')\n#3 {main}\n  thrown","file":"\/Users\/super\/xianfeng_old\/firstp2p_bk\/Common\/Phalcon\/Bootstrap.php","line":77}, request_uri: /favicon.ico
[2020-08-19 10:03:48] [acf54628f8] [ERR] redis sentinel connection may down: Connection refused [tcp://st-redis2.wxlc.org:26479]
[2020-08-19 10:03:52] [acf54628f8] [ERR] redis sentinel connection may down: Connection refused [tcp://st-redis3.wxlc.org:26479]
[2020-08-19 10:03:53] [acf54628f8] [ERR] redis sentinel connection may down: Connection refused [tcp://st-redis1.wxlc.org:26479]
[2020-08-19 10:03:53] [acf54628f8] [ERR] redis sentinel connection may down: Can't assign requested address [tcp://Array:Array]
[2020-08-19 10:03:53] [acf54628f8] [ERR] 127.0.0.1 | redis exception | 49 | Can't assign requested address [tcp://Array:Array]
[2020-08-19 10:03:53] [acf54628f8] [ERR] PHPFatalError. {"type":1,"message":"Uncaught Error: Class 'Phalcon\\Config' not found in \/Users\/super\/xianfeng_old\/firstp2p_bk\/Common\/Phalcon\/Bootstrap.php:77\nStack trace:\n#0 \/Users\/super\/xianfeng_old\/firstp2p_bk\/Common\/Phalcon\/Bootstrap.php(486): NCFGroup\\Common\\Phalcon\\Bootstrap->initConf()\n#1 \/Users\/super\/xianfeng_old\/firstp2p_bk\/app\/init.php(186): NCFGroup\\Common\\Phalcon\\Bootstrap->execTaskforTest(Array)\n#2 \/Users\/super\/xianfeng_old\/firstp2p_bk\/admin\/public\/m.php(23): require('\/Users\/super\/xi...')\n#3 {main}\n  thrown","file":"\/Users\/super\/xianfeng_old\/firstp2p_bk\/Common\/Phalcon\/Bootstrap.php","line":77}, request_uri: /favicon.ico
[2020-08-19 10:04:06] [ad5ebea7f8] [ERR] redis sentinel connection may down: Connection refused [tcp://st-redis2.wxlc.org:26479]
[2020-08-19 10:04:06] [ad5ebea7f8] [ERR] redis sentinel connection may down: Connection refused [tcp://st-redis3.wxlc.org:26479]
[2020-08-19 10:04:06] [ad5ebea7f8] [ERR] redis sentinel connection may down: Connection refused [tcp://st-redis1.wxlc.org:26479]
[2020-08-19 10:04:06] [ad5ebea7f8] [ERR] redis sentinel connection may down: Can't assign requested address [tcp://Array:Array]
[2020-08-19 10:04:06] [ad5ebea7f8] [ERR] 127.0.0.1 | redis exception | 49 | Can't assign requested address [tcp://Array:Array]
[2020-08-19 10:04:06] [ad5ebea7f8] [ERR] PHPFatalError. {"type":1,"message":"Uncaught Error: Class 'Phalcon\\Config' not found in \/Users\/super\/xianfeng_old\/firstp2p_bk\/Common\/Phalcon\/Bootstrap.php:77\nStack trace:\n#0 \/Users\/super\/xianfeng_old\/firstp2p_bk\/Common\/Phalcon\/Bootstrap.php(486): NCFGroup\\Common\\Phalcon\\Bootstrap->initConf()\n#1 \/Users\/super\/xianfeng_old\/firstp2p_bk\/app\/init.php(186): NCFGroup\\Common\\Phalcon\\Bootstrap->execTaskforTest(Array)\n#2 \/Users\/super\/xianfeng_old\/firstp2p_bk\/admin\/public\/m.php(23): require('\/Users\/super\/xi...')\n#3 {main}\n  thrown","file":"\/Users\/super\/xianfeng_old\/firstp2p_bk\/Common\/Phalcon\/Bootstrap.php","line":77}, request_uri: /m.php?m=Public&a=login&
[2020-08-19 10:04:06] [ad6001cb4a] [ERR] redis sentinel connection may down: Connection refused [tcp://st-redis2.wxlc.org:26479]
[2020-08-19 10:04:06] [ad6001cb4a] [ERR] redis sentinel connection may down: Connection refused [tcp://st-redis3.wxlc.org:26479]
[2020-08-19 10:04:06] [ad6001cb4a] [ERR] redis sentinel connection may down: Connection refused [tcp://st-redis1.wxlc.org:26479]
[2020-08-19 10:04:06] [ad6001cb4a] [ERR] redis sentinel connection may down: Can't assign requested address [tcp://Array:Array]
[2020-08-19 10:04:06] [ad6001cb4a] [ERR] 127.0.0.1 | redis exception | 49 | Can't assign requested address [tcp://Array:Array]
[2020-08-19 10:04:06] [ad6001cb4a] [ERR] PHPFatalError. {"type":1,"message":"Uncaught Error: Class 'Phalcon\\Config' not found in \/Users\/super\/xianfeng_old\/firstp2p_bk\/Common\/Phalcon\/Bootstrap.php:77\nStack trace:\n#0 \/Users\/super\/xianfeng_old\/firstp2p_bk\/Common\/Phalcon\/Bootstrap.php(486): NCFGroup\\Common\\Phalcon\\Bootstrap->initConf()\n#1 \/Users\/super\/xianfeng_old\/firstp2p_bk\/app\/init.php(186): NCFGroup\\Common\\Phalcon\\Bootstrap->execTaskforTest(Array)\n#2 \/Users\/super\/xianfeng_old\/firstp2p_bk\/admin\/public\/m.php(23): require('\/Users\/super\/xi...')\n#3 {main}\n  thrown","file":"\/Users\/super\/xianfeng_old\/firstp2p_bk\/Common\/Phalcon\/Bootstrap.php","line":77}, request_uri: /favicon.ico
[2020-08-19 10:05:15] [aefba7fc74] [ERR] redis sentinel connection may down: Connection refused [tcp://st-redis3.wxlc.org:26479]
[2020-08-19 10:05:15] [aefba7fc74] [ERR] redis sentinel connection may down: Connection refused [tcp://st-redis2.wxlc.org:26479]
[2020-08-19 10:05:15] [aefba7fc74] [ERR] redis sentinel connection may down: Connection refused [tcp://st-redis1.wxlc.org:26479]
[2020-08-19 10:05:15] [aefba7fc74] [ERR] redis sentinel connection may down: Can't assign requested address [tcp://Array:Array]
[2020-08-19 10:05:15] [aefba7fc74] [ERR] 127.0.0.1 | redis exception | 49 | Can't assign requested address [tcp://Array:Array]
[2020-08-19 10:05:15] [aefba7fc74] [ERR] PHPFatalError. {"type":1,"message":"Uncaught Error: Class 'Phalcon\\Config' not found in \/Users\/super\/xianfeng_old\/firstp2p_bk\/Common\/Phalcon\/Bootstrap.php:77\nStack trace:\n#0 \/Users\/super\/xianfeng_old\/firstp2p_bk\/Common\/Phalcon\/Bootstrap.php(486): NCFGroup\\Common\\Phalcon\\Bootstrap->initConf()\n#1 \/Users\/super\/xianfeng_old\/firstp2p_bk\/app\/init.php(186): NCFGroup\\Common\\Phalcon\\Bootstrap->execTaskforTest(Array)\n#2 \/Users\/super\/xianfeng_old\/firstp2p_bk\/admin\/public\/m.php(23): require('\/Users\/super\/xi...')\n#3 {main}\n  thrown","file":"\/Users\/super\/xianfeng_old\/firstp2p_bk\/Common\/Phalcon\/Bootstrap.php","line":77}, request_uri: /m.php?m=Public&a=login&
[2020-08-19 10:05:15] [aefca3fc32] [ERR] redis sentinel connection may down: Connection refused [tcp://st-redis3.wxlc.org:26479]
[2020-08-19 10:05:15] [aefca3fc32] [ERR] redis sentinel connection may down: Connection refused [tcp://st-redis1.wxlc.org:26479]
[2020-08-19 10:05:15] [aefca3fc32] [ERR] redis sentinel connection may down: Connection refused [tcp://st-redis2.wxlc.org:26479]
[2020-08-19 10:05:15] [aefca3fc32] [ERR] redis sentinel connection may down: Can't assign requested address [tcp://Array:Array]
[2020-08-19 10:05:15] [aefca3fc32] [ERR] 127.0.0.1 | redis exception | 49 | Can't assign requested address [tcp://Array:Array]
[2020-08-19 10:05:15] [aefca3fc32] [ERR] PHPFatalError. {"type":1,"message":"Uncaught Error: Class 'Phalcon\\Config' not found in \/Users\/super\/xianfeng_old\/firstp2p_bk\/Common\/Phalcon\/Bootstrap.php:77\nStack trace:\n#0 \/Users\/super\/xianfeng_old\/firstp2p_bk\/Common\/Phalcon\/Bootstrap.php(486): NCFGroup\\Common\\Phalcon\\Bootstrap->initConf()\n#1 \/Users\/super\/xianfeng_old\/firstp2p_bk\/app\/init.php(186): NCFGroup\\Common\\Phalcon\\Bootstrap->execTaskforTest(Array)\n#2 \/Users\/super\/xianfeng_old\/firstp2p_bk\/admin\/public\/m.php(23): require('\/Users\/super\/xi...')\n#3 {main}\n  thrown","file":"\/Users\/super\/xianfeng_old\/firstp2p_bk\/Common\/Phalcon\/Bootstrap.php","line":77}, request_uri: /favicon.ico
[2020-08-19 10:05:17] [af07480266] [ERR] redis sentinel connection may down: Connection refused [tcp://st-redis2.wxlc.org:26479]
[2020-08-19 10:05:18] [af07480266] [ERR] redis sentinel connection may down: Connection refused [tcp://st-redis1.wxlc.org:26479]
[2020-08-19 10:05:19] [af07480266] [ERR] redis sentinel connection may down: Connection refused [tcp://st-redis3.wxlc.org:26479]
[2020-08-19 10:05:19] [af07480266] [ERR] redis sentinel connection may down: Can't assign requested address [tcp://Array:Array]
[2020-08-19 10:05:19] [af07480266] [ERR] 127.0.0.1 | redis exception | 49 | Can't assign requested address [tcp://Array:Array]
[2020-08-19 10:05:19] [af07480266] [ERR] PHPFatalError. {"type":1,"message":"Uncaught Error: Class 'Phalcon\\Config' not found in \/Users\/super\/xianfeng_old\/firstp2p_bk\/Common\/Phalcon\/Bootstrap.php:77\nStack trace:\n#0 \/Users\/super\/xianfeng_old\/firstp2p_bk\/Common\/Phalcon\/Bootstrap.php(486): NCFGroup\\Common\\Phalcon\\Bootstrap->initConf()\n#1 \/Users\/super\/xianfeng_old\/firstp2p_bk\/app\/init.php(186): NCFGroup\\Common\\Phalcon\\Bootstrap->execTaskforTest(Array)\n#2 \/Users\/super\/xianfeng_old\/firstp2p_bk\/admin\/public\/m.php(23): require('\/Users\/super\/xi...')\n#3 {main}\n  thrown","file":"\/Users\/super\/xianfeng_old\/firstp2p_bk\/Common\/Phalcon\/Bootstrap.php","line":77}, request_uri: /m.php?m=Public&a=login&
[2020-08-19 10:05:19] [af13a39c0b] [ERR] redis sentinel connection may down: Connection refused [tcp://st-redis1.wxlc.org:26479]
[2020-08-19 10:05:20] [af13a39c0b] [ERR] redis sentinel connection may down: Connection refused [tcp://st-redis2.wxlc.org:26479]
[2020-08-19 10:05:21] [af13a39c0b] [ERR] redis sentinel connection may down: Connection refused [tcp://st-redis3.wxlc.org:26479]
[2020-08-19 10:05:21] [af13a39c0b] [ERR] redis sentinel connection may down: Can't assign requested address [tcp://Array:Array]
[2020-08-19 10:05:21] [af13a39c0b] [ERR] 127.0.0.1 | redis exception | 49 | Can't assign requested address [tcp://Array:Array]
[2020-08-19 10:05:21] [af13a39c0b] [ERR] PHPFatalError. {"type":1,"message":"Uncaught Error: Class 'Phalcon\\Config' not found in \/Users\/super\/xianfeng_old\/firstp2p_bk\/Common\/Phalcon\/Bootstrap.php:77\nStack trace:\n#0 \/Users\/super\/xianfeng_old\/firstp2p_bk\/Common\/Phalcon\/Bootstrap.php(486): NCFGroup\\Common\\Phalcon\\Bootstrap->initConf()\n#1 \/Users\/super\/xianfeng_old\/firstp2p_bk\/app\/init.php(186): NCFGroup\\Common\\Phalcon\\Bootstrap->execTaskforTest(Array)\n#2 \/Users\/super\/xianfeng_old\/firstp2p_bk\/admin\/public\/m.php(23): require('\/Users\/super\/xi...')\n#3 {main}\n  thrown","file":"\/Users\/super\/xianfeng_old\/firstp2p_bk\/Common\/Phalcon\/Bootstrap.php","line":77}, request_uri: /m.php?m=Public&a=login&
[2020-08-19 10:05:22] [af25f8b39c] [ERR] redis sentinel connection may down: Connection refused [tcp://st-redis3.wxlc.org:26479]
[2020-08-19 10:05:23] [af25f8b39c] [ERR] redis sentinel connection may down: Connection refused [tcp://st-redis2.wxlc.org:26479]
[2020-08-19 10:05:24] [af25f8b39c] [ERR] redis sentinel connection may down: Connection refused [tcp://st-redis1.wxlc.org:26479]
[2020-08-19 10:05:24] [af25f8b39c] [ERR] redis sentinel connection may down: Can't assign requested address [tcp://Array:Array]
[2020-08-19 10:05:24] [af25f8b39c] [ERR] 127.0.0.1 | redis exception | 49 | Can't assign requested address [tcp://Array:Array]
[2020-08-19 10:05:24] [af25f8b39c] [ERR] PHPFatalError. {"type":1,"message":"Uncaught Error: Class 'Phalcon\\Config' not found in \/Users\/super\/xianfeng_old\/firstp2p_bk\/Common\/Phalcon\/Bootstrap.php:77\nStack trace:\n#0 \/Users\/super\/xianfeng_old\/firstp2p_bk\/Common\/Phalcon\/Bootstrap.php(486): NCFGroup\\Common\\Phalcon\\Bootstrap->initConf()\n#1 \/Users\/super\/xianfeng_old\/firstp2p_bk\/app\/init.php(186): NCFGroup\\Common\\Phalcon\\Bootstrap->execTaskforTest(Array)\n#2 \/Users\/super\/xianfeng_old\/firstp2p_bk\/admin\/public\/m.php(23): require('\/Users\/super\/xi...')\n#3 {main}\n  thrown","file":"\/Users\/super\/xianfeng_old\/firstp2p_bk\/Common\/Phalcon\/Bootstrap.php","line":77}, request_uri: /m.php?m=Public&a=login&
[2020-08-19 10:05:25] [af38611bbc] [ERR] redis sentinel connection may down: Connection refused [tcp://st-redis2.wxlc.org:26479]
[2020-08-19 10:05:26] [af38611bbc] [ERR] redis sentinel connection may down: Connection refused [tcp://st-redis3.wxlc.org:26479]
[2020-08-19 10:05:27] [af38611bbc] [ERR] redis sentinel connection may down: Connection refused [tcp://st-redis1.wxlc.org:26479]
[2020-08-19 10:05:27] [af38611bbc] [ERR] redis sentinel connection may down: Can't assign requested address [tcp://Array:Array]
[2020-08-19 10:05:27] [af38611bbc] [ERR] 127.0.0.1 | redis exception | 49 | Can't assign requested address [tcp://Array:Array]
[2020-08-19 10:05:27] [af38611bbc] [ERR] PHPFatalError. {"type":1,"message":"Uncaught Error: Class 'Phalcon\\Config' not found in \/Users\/super\/xianfeng_old\/firstp2p_bk\/Common\/Phalcon\/Bootstrap.php:77\nStack trace:\n#0 \/Users\/super\/xianfeng_old\/firstp2p_bk\/Common\/Phalcon\/Bootstrap.php(486): NCFGroup\\Common\\Phalcon\\Bootstrap->initConf()\n#1 \/Users\/super\/xianfeng_old\/firstp2p_bk\/app\/init.php(186): NCFGroup\\Common\\Phalcon\\Bootstrap->execTaskforTest(Array)\n#2 \/Users\/super\/xianfeng_old\/firstp2p_bk\/admin\/public\/m.php(23): require('\/Users\/super\/xi...')\n#3 {main}\n  thrown","file":"\/Users\/super\/xianfeng_old\/firstp2p_bk\/Common\/Phalcon\/Bootstrap.php","line":77}, request_uri: /m.php?m=Public&a=login&
[2020-08-19 10:05:28] [af4aca1344] [ERR] redis sentinel connection may down: Connection refused [tcp://st-redis1.wxlc.org:26479]
[2020-08-19 10:05:29] [af4aca1344] [ERR] redis sentinel connection may down: Connection refused [tcp://st-redis3.wxlc.org:26479]
[2020-08-19 10:05:30] [af4aca1344] [ERR] redis sentinel connection may down: Connection refused [tcp://st-redis2.wxlc.org:26479]
[2020-08-19 10:05:30] [af4aca1344] [ERR] redis sentinel connection may down: Can't assign requested address [tcp://Array:Array]
[2020-08-19 10:05:30] [af4aca1344] [ERR] 127.0.0.1 | redis exception | 49 | Can't assign requested address [tcp://Array:Array]
[2020-08-19 10:05:30] [af4aca1344] [ERR] PHPFatalError. {"type":1,"message":"Uncaught Error: Class 'Phalcon\\Config' not found in \/Users\/super\/xianfeng_old\/firstp2p_bk\/Common\/Phalcon\/Bootstrap.php:77\nStack trace:\n#0 \/Users\/super\/xianfeng_old\/firstp2p_bk\/Common\/Phalcon\/Bootstrap.php(486): NCFGroup\\Common\\Phalcon\\Bootstrap->initConf()\n#1 \/Users\/super\/xianfeng_old\/firstp2p_bk\/app\/init.php(186): NCFGroup\\Common\\Phalcon\\Bootstrap->execTaskforTest(Array)\n#2 \/Users\/super\/xianfeng_old\/firstp2p_bk\/admin\/public\/m.php(23): require('\/Users\/super\/xi...')\n#3 {main}\n  thrown","file":"\/Users\/super\/xianfeng_old\/firstp2p_bk\/Common\/Phalcon\/Bootstrap.php","line":77}, request_uri: /m.php?m=Public&a=login&
[2020-08-19 10:05:31] [af5d1cb98a] [ERR] redis sentinel connection may down: Connection refused [tcp://st-redis2.wxlc.org:26479]
[2020-08-19 10:05:32] [af5d1cb98a] [ERR] redis sentinel connection may down: Connection refused [tcp://st-redis3.wxlc.org:26479]
[2020-08-19 10:05:33] [af5d1cb98a] [ERR] redis sentinel connection may down: Connection refused [tcp://st-redis1.wxlc.org:26479]
[2020-08-19 10:05:33] [af5d1cb98a] [ERR] redis sentinel connection may down: Can't assign requested address [tcp://Array:Array]
[2020-08-19 10:05:33] [af5d1cb98a] [ERR] 127.0.0.1 | redis exception | 49 | Can't assign requested address [tcp://Array:Array]
[2020-08-19 10:05:33] [af5d1cb98a] [ERR] PHPFatalError. {"type":1,"message":"Uncaught Error: Class 'Phalcon\\Config' not found in \/Users\/super\/xianfeng_old\/firstp2p_bk\/Common\/Phalcon\/Bootstrap.php:77\nStack trace:\n#0 \/Users\/super\/xianfeng_old\/firstp2p_bk\/Common\/Phalcon\/Bootstrap.php(486): NCFGroup\\Common\\Phalcon\\Bootstrap->initConf()\n#1 \/Users\/super\/xianfeng_old\/firstp2p_bk\/app\/init.php(186): NCFGroup\\Common\\Phalcon\\Bootstrap->execTaskforTest(Array)\n#2 \/Users\/super\/xianfeng_old\/firstp2p_bk\/admin\/public\/m.php(23): require('\/Users\/super\/xi...')\n#3 {main}\n  thrown","file":"\/Users\/super\/xianfeng_old\/firstp2p_bk\/Common\/Phalcon\/Bootstrap.php","line":77}, request_uri: /m.php?m=Public&a=login&
[2020-08-19 10:05:34] [af6f73fe14] [ERR] redis sentinel connection may down: Connection refused [tcp://st-redis3.wxlc.org:26479]
[2020-08-19 10:05:35] [af6f73fe14] [ERR] redis sentinel connection may down: Connection refused [tcp://st-redis1.wxlc.org:26479]
[2020-08-19 10:05:36] [af6f73fe14] [ERR] redis sentinel connection may down: Connection refused [tcp://st-redis2.wxlc.org:26479]
[2020-08-19 10:05:36] [af6f73fe14] [ERR] redis sentinel connection may down: Can't assign requested address [tcp://Array:Array]
[2020-08-19 10:05:36] [af6f73fe14] [ERR] 127.0.0.1 | redis exception | 49 | Can't assign requested address [tcp://Array:Array]
[2020-08-19 10:05:36] [af6f73fe14] [ERR] PHPFatalError. {"type":1,"message":"Uncaught Error: Class 'Phalcon\\Config' not found in \/Users\/super\/xianfeng_old\/firstp2p_bk\/Common\/Phalcon\/Bootstrap.php:77\nStack trace:\n#0 \/Users\/super\/xianfeng_old\/firstp2p_bk\/Common\/Phalcon\/Bootstrap.php(486): NCFGroup\\Common\\Phalcon\\Bootstrap->initConf()\n#1 \/Users\/super\/xianfeng_old\/firstp2p_bk\/app\/init.php(186): NCFGroup\\Common\\Phalcon\\Bootstrap->execTaskforTest(Array)\n#2 \/Users\/super\/xianfeng_old\/firstp2p_bk\/admin\/public\/m.php(23): require('\/Users\/super\/xi...')\n#3 {main}\n  thrown","file":"\/Users\/super\/xianfeng_old\/firstp2p_bk\/Common\/Phalcon\/Bootstrap.php","line":77}, request_uri: /m.php?m=Public&a=login&
[2020-08-19 10:05:37] [af7f87d3e7] [ERR] redis sentinel connection may down: Connection refused [tcp://st-redis1.wxlc.org:26479]
[2020-08-19 10:05:38] [af7f87d3e7] [ERR] redis sentinel connection may down: Connection refused [tcp://st-redis3.wxlc.org:26479]
[2020-08-19 10:05:39] [af7f87d3e7] [ERR] redis sentinel connection may down: Connection refused [tcp://st-redis2.wxlc.org:26479]
[2020-08-19 10:05:39] [af7f87d3e7] [ERR] redis sentinel connection may down: Can't assign requested address [tcp://Array:Array]
[2020-08-19 10:05:39] [af7f87d3e7] [ERR] 127.0.0.1 | redis exception | 49 | Can't assign requested address [tcp://Array:Array]
[2020-08-19 10:05:39] [af7f87d3e7] [ERR] PHPFatalError. {"type":1,"message":"Uncaught Error: Class 'Phalcon\\Config' not found in \/Users\/super\/xianfeng_old\/firstp2p_bk\/Common\/Phalcon\/Bootstrap.php:77\nStack trace:\n#0 \/Users\/super\/xianfeng_old\/firstp2p_bk\/Common\/Phalcon\/Bootstrap.php(486): NCFGroup\\Common\\Phalcon\\Bootstrap->initConf()\n#1 \/Users\/super\/xianfeng_old\/firstp2p_bk\/app\/init.php(186): NCFGroup\\Common\\Phalcon\\Bootstrap->execTaskforTest(Array)\n#2 \/Users\/super\/xianfeng_old\/firstp2p_bk\/admin\/public\/m.php(23): require('\/Users\/super\/xi...')\n#3 {main}\n  thrown","file":"\/Users\/super\/xianfeng_old\/firstp2p_bk\/Common\/Phalcon\/Bootstrap.php","line":77}, request_uri: /favicon.ico
[2020-08-19 10:06:28] [b0b0851736] [ERR] redis sentinel connection may down: Connection refused [tcp://st-redis2.wxlc.org:26479]
[2020-08-19 10:06:28] [b0b0851736] [ERR] redis sentinel connection may down: Connection refused [tcp://st-redis3.wxlc.org:26479]
[2020-08-19 10:06:28] [b0b0851736] [ERR] redis sentinel connection may down: Connection refused [tcp://st-redis1.wxlc.org:26479]
[2020-08-19 10:06:28] [b0b0851736] [ERR] redis sentinel connection may down: Can't assign requested address [tcp://Array:Array]
[2020-08-19 10:06:28] [b0b0851736] [ERR] 127.0.0.1 | redis exception | 49 | Can't assign requested address [tcp://Array:Array]
[2020-08-19 10:06:28] [b0b0851736] [ERR] PHPFatalError. {"type":1,"message":"Uncaught Error: Class 'Phalcon\\Config' not found in \/Users\/super\/xianfeng_old\/firstp2p_bk\/Common\/Phalcon\/Bootstrap.php:77\nStack trace:\n#0 \/Users\/super\/xianfeng_old\/firstp2p_bk\/Common\/Phalcon\/Bootstrap.php(486): NCFGroup\\Common\\Phalcon\\Bootstrap->initConf()\n#1 \/Users\/super\/xianfeng_old\/firstp2p_bk\/app\/init.php(186): NCFGroup\\Common\\Phalcon\\Bootstrap->execTaskforTest(Array)\n#2 \/Users\/super\/xianfeng_old\/firstp2p_bk\/admin\/public\/m.php(23): require('\/Users\/super\/xi...')\n#3 {main}\n  thrown","file":"\/Users\/super\/xianfeng_old\/firstp2p_bk\/Common\/Phalcon\/Bootstrap.php","line":77}, request_uri: /m.php?m=Public&a=login&
[2020-08-19 10:06:28] [b0b135a36f] [ERR] redis sentinel connection may down: Connection refused [tcp://st-redis2.wxlc.org:26479]
[2020-08-19 10:06:28] [b0b135a36f] [ERR] redis sentinel connection may down: Connection refused [tcp://st-redis1.wxlc.org:26479]
[2020-08-19 10:06:28] [b0b135a36f] [ERR] redis sentinel connection may down: Connection refused [tcp://st-redis3.wxlc.org:26479]
[2020-08-19 10:06:28] [b0b135a36f] [ERR] redis sentinel connection may down: Can't assign requested address [tcp://Array:Array]
[2020-08-19 10:06:28] [b0b135a36f] [ERR] 127.0.0.1 | redis exception | 49 | Can't assign requested address [tcp://Array:Array]
[2020-08-19 10:06:28] [b0b135a36f] [ERR] PHPFatalError. {"type":1,"message":"Uncaught Error: Class 'Phalcon\\Config' not found in \/Users\/super\/xianfeng_old\/firstp2p_bk\/Common\/Phalcon\/Bootstrap.php:77\nStack trace:\n#0 \/Users\/super\/xianfeng_old\/firstp2p_bk\/Common\/Phalcon\/Bootstrap.php(486): NCFGroup\\Common\\Phalcon\\Bootstrap->initConf()\n#1 \/Users\/super\/xianfeng_old\/firstp2p_bk\/app\/init.php(186): NCFGroup\\Common\\Phalcon\\Bootstrap->execTaskforTest(Array)\n#2 \/Users\/super\/xianfeng_old\/firstp2p_bk\/admin\/public\/m.php(23): require('\/Users\/super\/xi...')\n#3 {main}\n  thrown","file":"\/Users\/super\/xianfeng_old\/firstp2p_bk\/Common\/Phalcon\/Bootstrap.php","line":77}, request_uri: /favicon.ico
[2020-08-19 10:06:29] [b0b7325689] [ERR] redis sentinel connection may down: Connection refused [tcp://st-redis3.wxlc.org:26479]
[2020-08-19 10:06:30] [b0b7325689] [ERR] redis sentinel connection may down: Connection refused [tcp://st-redis1.wxlc.org:26479]
[2020-08-19 10:06:31] [b0b7325689] [ERR] redis sentinel connection may down: Connection refused [tcp://st-redis2.wxlc.org:26479]
[2020-08-19 10:06:31] [b0b7325689] [ERR] redis sentinel connection may down: Can't assign requested address [tcp://Array:Array]
[2020-08-19 10:06:31] [b0b7325689] [ERR] 127.0.0.1 | redis exception | 49 | Can't assign requested address [tcp://Array:Array]
[2020-08-19 10:06:31] [b0b7325689] [ERR] PHPFatalError. {"type":1,"message":"Uncaught Error: Class 'Phalcon\\Config' not found in \/Users\/super\/xianfeng_old\/firstp2p_bk\/Common\/Phalcon\/Bootstrap.php:77\nStack trace:\n#0 \/Users\/super\/xianfeng_old\/firstp2p_bk\/Common\/Phalcon\/Bootstrap.php(486): NCFGroup\\Common\\Phalcon\\Bootstrap->initConf()\n#1 \/Users\/super\/xianfeng_old\/firstp2p_bk\/app\/init.php(186): NCFGroup\\Common\\Phalcon\\Bootstrap->execTaskforTest(Array)\n#2 \/Users\/super\/xianfeng_old\/firstp2p_bk\/admin\/public\/m.php(23): require('\/Users\/super\/xi...')\n#3 {main}\n  thrown","file":"\/Users\/super\/xianfeng_old\/firstp2p_bk\/Common\/Phalcon\/Bootstrap.php","line":77}, request_uri: /m.php?m=Public&a=login&
[2020-08-19 10:06:33] [b0c9d0edf1] [ERR] redis sentinel connection may down: Connection refused [tcp://st-redis2.wxlc.org:26479]
[2020-08-19 10:06:34] [b0c9d0edf1] [ERR] redis sentinel connection may down: Connection refused [tcp://st-redis1.wxlc.org:26479]
[2020-08-19 10:06:35] [b0c9d0edf1] [ERR] redis sentinel connection may down: Connection refused [tcp://st-redis3.wxlc.org:26479]
[2020-08-19 10:06:35] [b0c9d0edf1] [ERR] redis sentinel connection may down: Can't assign requested address [tcp://Array:Array]
[2020-08-19 10:06:35] [b0c9d0edf1] [ERR] 127.0.0.1 | redis exception | 49 | Can't assign requested address [tcp://Array:Array]
[2020-08-19 10:06:35] [b0c9d0edf1] [ERR] PHPFatalError. {"type":1,"message":"Uncaught Error: Class 'Phalcon\\Config' not found in \/Users\/super\/xianfeng_old\/firstp2p_bk\/Common\/Phalcon\/Bootstrap.php:77\nStack trace:\n#0 \/Users\/super\/xianfeng_old\/firstp2p_bk\/Common\/Phalcon\/Bootstrap.php(486): NCFGroup\\Common\\Phalcon\\Bootstrap->initConf()\n#1 \/Users\/super\/xianfeng_old\/firstp2p_bk\/app\/init.php(186): NCFGroup\\Common\\Phalcon\\Bootstrap->execTaskforTest(Array)\n#2 \/Users\/super\/xianfeng_old\/firstp2p_bk\/admin\/public\/m.php(23): require('\/Users\/super\/xi...')\n#3 {main}\n  thrown","file":"\/Users\/super\/xianfeng_old\/firstp2p_bk\/Common\/Phalcon\/Bootstrap.php","line":77}, request_uri: /favicon.ico
[2020-08-19 10:08:06] [b2f94cdfda] [ERR] redis sentinel connection may down: Connection refused [tcp://st-redis1.wxlc.org:26479]
[2020-08-19 10:08:06] [b2f94cdfda] [ERR] redis sentinel connection may down: Connection refused [tcp://st-redis3.wxlc.org:26479]
[2020-08-19 10:08:06] [b2f94cdfda] [ERR] redis sentinel connection may down: Connection refused [tcp://st-redis2.wxlc.org:26479]
[2020-08-19 10:08:06] [b2f94cdfda] [ERR] redis sentinel connection may down: Can't assign requested address [tcp://Array:Array]
[2020-08-19 10:08:06] [b2f94cdfda] [ERR] 127.0.0.1 | redis exception | 49 | Can't assign requested address [tcp://Array:Array]
[2020-08-19 10:08:06] [b2fa05db93] [ERR] redis sentinel connection may down: Connection refused [tcp://st-redis2.wxlc.org:26479]
[2020-08-19 10:08:07] [b2fa05db93] [ERR] redis sentinel connection may down: Connection refused [tcp://st-redis3.wxlc.org:26479]
[2020-08-19 10:08:07] [b2fa05db93] [ERR] redis sentinel connection may down: Connection refused [tcp://st-redis1.wxlc.org:26479]
[2020-08-19 10:08:07] [b2fa05db93] [ERR] redis sentinel connection may down: Can't assign requested address [tcp://Array:Array]
[2020-08-19 10:08:07] [b2fa05db93] [ERR] 127.0.0.1 | redis exception | 49 | Can't assign requested address [tcp://Array:Array]
[2020-08-19 10:27:51] [ce8faf264b] [ERR] redis sentinel connection may down: Connection refused [tcp://st-redis1.wxlc.org:26479]
[2020-08-19 10:27:51] [ce8faf264b] [ERR] redis sentinel connection may down: Connection refused [tcp://st-redis3.wxlc.org:26479]
[2020-08-19 10:27:53] [ce8faf264b] [ERR] redis sentinel connection may down: Connection refused [tcp://st-redis2.wxlc.org:26479]
[2020-08-19 10:27:53] [ce8faf264b] [ERR] redis sentinel connection may down: Can't assign requested address [tcp://Array:Array]
[2020-08-19 10:27:53] [ce8faf264b] [ERR] 127.0.0.1 | redis exception | 49 | Can't assign requested address [tcp://Array:Array]
[2020-08-19 10:27:53] [ce8faf264b] [ERR] PHPFatalError. {"type":1,"message":"Uncaught Error: Class 'Phalcon\\Config' not found in \/Users\/super\/xianfeng_old\/firstp2p_bk\/Common\/Phalcon\/Bootstrap.php:78\nStack trace:\n#0 \/Users\/super\/xianfeng_old\/firstp2p_bk\/Common\/Phalcon\/Bootstrap.php(487): NCFGroup\\Common\\Phalcon\\Bootstrap->initConf()\n#1 \/Users\/super\/xianfeng_old\/firstp2p_bk\/app\/init.php(186): NCFGroup\\Common\\Phalcon\\Bootstrap->execTaskforTest(Array)\n#2 \/Users\/super\/xianfeng_old\/firstp2p_bk\/admin\/public\/m.php(23): require('\/Users\/super\/xi...')\n#3 {main}\n  thrown","file":"\/Users\/super\/xianfeng_old\/firstp2p_bk\/Common\/Phalcon\/Bootstrap.php","line":78}, request_uri: /m.php?m=Public&a=login&
[2020-08-19 10:27:53] [ce99444619] [ERR] redis sentinel connection may down: Connection refused [tcp://st-redis2.wxlc.org:26479]
[2020-08-19 10:27:53] [ce99444619] [ERR] redis sentinel connection may down: Connection refused [tcp://st-redis1.wxlc.org:26479]
[2020-08-19 10:27:53] [ce99444619] [ERR] redis sentinel connection may down: Connection refused [tcp://st-redis3.wxlc.org:26479]
[2020-08-19 10:27:53] [ce99444619] [ERR] redis sentinel connection may down: Can't assign requested address [tcp://Array:Array]
[2020-08-19 10:27:53] [ce99444619] [ERR] 127.0.0.1 | redis exception | 49 | Can't assign requested address [tcp://Array:Array]
[2020-08-19 10:27:53] [ce99444619] [ERR] PHPFatalError. {"type":1,"message":"Uncaught Error: Class 'Phalcon\\Config' not found in \/Users\/super\/xianfeng_old\/firstp2p_bk\/Common\/Phalcon\/Bootstrap.php:78\nStack trace:\n#0 \/Users\/super\/xianfeng_old\/firstp2p_bk\/Common\/Phalcon\/Bootstrap.php(487): NCFGroup\\Common\\Phalcon\\Bootstrap->initConf()\n#1 \/Users\/super\/xianfeng_old\/firstp2p_bk\/app\/init.php(186): NCFGroup\\Common\\Phalcon\\Bootstrap->execTaskforTest(Array)\n#2 \/Users\/super\/xianfeng_old\/firstp2p_bk\/admin\/public\/m.php(23): require('\/Users\/super\/xi...')\n#3 {main}\n  thrown","file":"\/Users\/super\/xianfeng_old\/firstp2p_bk\/Common\/Phalcon\/Bootstrap.php","line":78}, request_uri: /favicon.ico
